ector initialized.
[    2.429900] IPI shorthand broadcast: enabled
[    2.436887] sched_clock: Marking stable (1754538175, 682312194)->(2920705288, -483854919)
[    2.450561] registered taskstats version 1
[    2.465356] Loading compiled-in X.509 certificates
[    2.471963] Loaded X.509 cert 'Build time autogenerated kernel key: 2f23e58b967d5c60223cc47a5e108077e96f5372'
[    2.488713] Loaded X.509 cert 'Canonical Ltd. Live Patch Signing: 14df34d1a87cf37625abec039ef2bf521249b969'
[    2.514771] Loaded X.509 cert 'Canonical Ltd. Kernel Module Signing: 88f752e560a1e0737e31163a466ad7b70a850c19'
[    2.530227] zswap: loaded using pool lzo/zbud
[    2.538015] Key type ._fscrypt registered
[    2.545417] Key type .fscrypt registered
[    2.551851] Key type big_key registered
[    2.556316] Key type encrypted registered
[    2.563886] AppArmor: AppArmor sha1 policy hashing enabled
[    2.571342] ima: No TPM chip found, activating TPM-bypass!
[    2.580601] ima: Allocated hash algorithm: sha1
[    2.589572] ima: No architecture policies found
[    2.596518] evm: Initialising EVM extended attributes:
[    2.606640] evm: security.selinux
[    2.611920] evm: security.SMACK64
[    2.617612] evm: security.SMACK64EXEC
[    2.630990] evm: security.SMACK64TRANSMUTE
[    2.634547] evm: security.SMACK64MMAP
[    2.637520] evm: security.apparmor
[    2.640641] evm: security.ima
[    2.643549] evm: security.capability
[    2.649555] evm: HMAC attrs: 0x1
[    2.653058] xenbus_probe_frontend: Device with no driver: device/vif/0
[    2.658702] PM:   Magic number: 9:81:233
[    2.662498] acpi device:4d: hash matches
[    2.666572] rtc_cmos 00:02: setting system clock to 2021-06-19T14:12:55 UTC (1624111975)
[    2.675200] md: Waiting for all devices to be available before autodetect
[    2.680274] md: If you don't use raid, use raid=noautodetect
[    2.685179] md: Autodetecting RAID arrays.
[    2.688899] md: autorun ...
[    2.691279] md: ... autorun DONE.
[    2.706386] EXT4-fs (xvda1): mounted filesystem with ordered data mode. Opts: (null)
[    2.713066] VFS: Mounted root (ext4 filesystem) readonly on device 202:1.
[    2.720555] devtmpfs: mounted
[    2.725270] Freeing unused decrypted memory: 2036K
[    2.731054] Freeing unused kernel image memory: 2664K
[    2.738757] Write protecting the kernel read-only data: 22528k
[    2.744939] tsc: Refined TSC clocksource calibration: 2300.016 MHz
[    2.751215] clocksource: tsc: mask: 0xffffffffffffffff max_cycles: 0x2127442937e, max_idle_ns: 440795203349 ns
[    2.761873] Freeing unused kernel image memory: 2008K
[    2.767107] Freeing unused kernel image memory: 1460K
[    2.781588] x86/mm: Checked W+X mappings: passed, no W+X pages found.
[    2.790730] x86/mm: Checking user space page tables
[    2.805602] x86/mm: Checked W+X mappings: passed, no W+X pages found.
[    2.811793] Run /sbin/init as init process
[    2.970857] systemd[1]: Inserted module 'autofs4'
[    2.993661] systemd[1]: systemd 245.4-4ubuntu3.6 running in system mode. (+PAM +AUDIT +SELINUX +IMA +APPARMOR +SMACK +SYSVINIT +UTMP +LIBCRYPTSETUP +GCRYPT +GNUTLS +ACL +XZ +LZ4 +SECCOMP +BLKID +ELFUTILS +KMOD +IDN2 -IDN +PCRE2 default-hierarchy=hybrid)
[    3.017903] systemd[1]: Detected virtualization xen.
[    3.022933] systemd[1]: Detected architecture x86-64.

Welcome to [1mUbuntu 20.04.2 LTS[0m!

[    3.035385] systemd[1]: Set hostname to <ubuntu>.
[    3.043286] systemd[1]: Initializing machine ID from random generator.
[    3.050099] systemd[1]: Installed transient /etc/machine-id file.
[    3.402309] systemd[1]: Created slice system-modprobe.slice.
[[0;32m  OK  [0m] Created slice [0;1;39msystem-modprobe.slice[0m.
[    3.413460] systemd[1]: Created slice system-serial\x2dgetty.slice.
[[0;32m  OK  [0m] Created slice [0;1;39msystem-serial\x2dgetty.slice[0m.
[    3.425104] systemd[1]: Created slice User and Session Slice.
[[0;32m  OK  [0m] Created slice [0;1;39mUser and Session Slice[0m.
[    3.437021] systemd[1]: Started Forward Password Requests to Wall Directory Watch.
[[0;32m  OK  [0m] Started [0;1;39mForward Password R…uests to Wall Directory Watch[0m.
[    3.453109] systemd[1]: Set up automount Arbitrary Executable File Formats File System Automount Point.
[[0;32m  OK  [0m] Set up automount [0;1;39mArbitrary…s File System Automount Point[0m.
[    3.470247] systemd[1]: Reached target User and Group Name Lookups.
[[0;32m  OK  [0m] Reached target [0;1;39mUser and Group Name Lookups[0m.
[    3.482699] systemd[1]: Reached target Slices.
[[0;32m  OK  [0m] Reached target [0;1;39mSlices[0m.
[    3.493931] systemd[1]: Reached target Swap.
[[0;32m  OK  [0m] Reached target [0;1;39mSwap[0m.
[    3.512788] systemd[1]: Listening on Device-mapper event daemon FIFOs.
[[0;32m  OK  [0m] Listening on [0;1;39mDevice-mapper event daemon FIFOs[0m.
[    3.525912] systemd[1]: Listening on LVM2 poll daemon socket.
[[0;32m  OK  [0m] Listening on [0;1;39mLVM2 poll daemon socket[0m.
[    3.536167] systemd[1]: Listening on multipathd control socket.
[[0;32m  OK  [0m] Listening on [0;1;39mmultipathd control socket[0m.
[    3.546571] systemd[1]: Listening on Syslog Socket.
[[0;32m  OK  [0m] Listening on [0;1;39mSyslog Socket[0m.
[    3.556106] systemd[1]: Listening on fsck to fsckd communication Socket.
[[0;32m  OK  [0m] Listening on [0;1;39mfsck to fsckd communication Socket[0m.
[    3.567533] systemd[1]: Listening on initctl Compatibility Named Pipe.
[[0;32m  OK  [0m] Listening on [0;1;39minitctl Compatibility Named Pipe[0m.
[    3.579173] systemd[1]: Listening on Journal Audit Socket.
[[0;32m  OK  [0m] Listening on [0;1;39mJournal Audit Socket[0m.
[    3.588744] systemd[1]: Listening on Journal Socket (/dev/log).
[[0;32m  OK  [0m] Listening on [0;1;39mJournal Socket (/dev/log)[0m.
[    3.600148] systemd[1]: Listening on Journal Socket.
[[0;32m  OK  [0m] Listening on [0;1;39mJournal Socket[0m.
[    3.610132] systemd[1]: Listening on Network Service Netlink Socket.
[[0;32m  OK  [0m] Listening on [0;1;39mNetwork Service Netlink Socket[0m.
[    3.631877] systemd[1]: Listening on udev Control Socket.
[[0;32m  OK  [0m] Listening on [0;1;39mudev Control Socket[0m.
[    3.647863] systemd[1]: Listening on udev Kernel Socket.
[[0;32m  OK  [0m] Listening on [0;1;39mudev Kernel Socket[0m.
[    3.665469] systemd[1]: Mounting Huge Pages File System...
         Mounting [0;1;39mHuge Pages File System[0m...
[    3.680423] systemd[1]: Mounting POSIX Message Queue File System...
         Mounting [0;1;39mPOSIX Message Queue File System[0m...
[    3.693608] systemd[1]: Mounting Kernel Debug File System...
         Mounting [0;1;39mKernel Debug File System[0m...
[    3.708096] systemd[1]: Mounting Kernel Trace File System...
         Mounting [0;1;39mKernel Trace File System[0m...
[    3.730168] systemd[1]: Starting Journal Service...
         Starting [0;1;39mJournal Service[0m...
[    3.756670] systemd[1]: Starting Set the console keyboard layout...
         Starting [0;1;39mSet the console keyboard layout[0m...
[    3.789622] systemd[1]: Starting Create list of static device nodes for the current kernel...
         Starting [0;1;39mCreate list of st…odes for the current kernel[0m...
[    3.843661] systemd[1]: Starting Monitoring of LVM2 mirrors, snapshots etc. using dmeventd or progress polling...
         Starting [0;1;39mMonitoring of LVM…meventd or progress polling[0m...
[    3.891827] systemd[1]: Starting Load Kernel Module drm...
         Starting [0;1;39mLoad Kernel Module drm[0m...
[    3.937572] systemd[1]: Condition check resulted in Set Up Additional Binary Formats being skipped.
[    3.953278] systemd[1]: Starting File System Check on Root Device...
         Starting [0;1;39mFile System Check on Root Device[0m...
[    3.977634] systemd[1]: Starting Load Kernel Modules...
         Starting [0;1;39mLoad Kernel Modules[0m...
[    3.997917] systemd[1]: Starting udev Coldplug all Devices...
         Starting [0;1;39mudev Coldplug all Devices[0m...
[    4.016382] systemd[1]: Starting Uncomplicated firewall...
         Starting [0;1;39mUncomplicated firewall[0m...
[    4.041143] systemd[1]: Started Journal Service.
[[0;32m  OK  [0m] Started [0;1;39mJournal Service[0m.
[[0;32m  OK  [0m] Mounted [0;1;39mHuge Pages File System[0m.
[[0;32m  OK  [0m] Mounted [0;1;39mPOSIX Message Queue File System[0m.
[[0;32m  OK  [0m] Mounted [0;1;39mKernel Debug File System[0m.
[[0;32m  OK  [0m] Mounted [0;1;39mKernel Trace File System[0m.
[[0;32m  OK  [0m] Finished [0;1;39mSet the console keyboard layout[0m.
[[0;32m  OK  [0m] Finished [0;1;39mCreate list of st… nodes for the current kernel[0m.
[[0;32m  OK  [0m] Finished [0;1;39mLoad Kernel Module drm[0m.
[[0;32m  OK  [0m] Finished [0;1;39mFile System Check on Root Device[0m.
[[0;32m  OK  [0m] Finished [0;1;39mLoad Kernel Modules[0m.
[[0;32m  OK  [0m] Finished [0;1;39mUncomplicated firewall[0m.
         Mounting [0;1;39mFUSE Control File System[0m...
         Mounting [0;1;39mKernel Configuration File System[0m...
[[0;32m  OK  [0m] Started [0;1;39mFile System Check Daemon to report status[0m.
         Starting [0;1;39mRemount Root and Kernel File Systems[0m...
         Starting [0;1;39mApply Kernel Variables[0m...[    4.214804] EXT4-fs (xvda1): re-mounted. Opts: discard

[[0;32m  OK  [0m] Mounted [0;1;39mFUSE Control File System[0m.
[[0;32m  OK  [0m] Mounted [0;1;39mKernel Configuration File System[0m.
[[0;32m  OK  [0m] Finished [0;1;39mudev Coldplug all Devices[0m.
[[0;32m  OK  [0m] Finished [0;1;39mRemount Root and Kernel File Systems[0m.
[[0;32m  OK  [0m] Finished [0;1;39mApply Kernel Variables[0m.
         Starting [0;1;39mFlush Journal to Persistent Storage[0m...
         Starting [0;1;39mLoad/Save Random Seed[0m...
         Starting [0;1;39mCreate System Users[0m...
         Starting [0;1;39mudev Wait for Complete Device Initialization[0m...
[[0;32m  OK  [0m] Finished [0;1;39mLoad/Save Random Seed[0m.
[[0;32m  OK  [0m] Finished [0;1;39mFlush Journal to Persistent Storage[0m.
[[0;32m  OK  [0m] Finished [0;1;39mCreate System Users[0m.
         Starting [0;1;39mCreate Static Device Nodes in /dev[0m...
[[0;32m  OK  [0m] Finished [0;1;39mCreate Static Device Nodes in /dev[0m.
         Starting [0;1;39mudev Kernel Device Manager[0m...
[[0;32m  OK  [0m] Started [0;1;39mudev Kernel Device Manager[0m.
[[0;32m  OK  [0m] Started [0;1;39mDispatch Password …ts to Console Directory Watch[0m.
[[0;32m  OK  [0m] Reached target [0;1;39mLocal Encrypted Volumes[0m.
[[0;32m  OK  [0m] Found device [0;1;39m/dev/ttyS0[0m.
[[0;32m  OK  [0m] Listening on [0;1;39mLoad/Save RF …itch Status /dev/rfkill Watch[0m.
[[0;32m  OK  [0m] Finished [0;1;39mMonitoring of LVM… dmeventd or progress polling[0m.
[[0;32m  OK  [0m] Finished [0;1;39mudev Wait for Complete Device Initialization[0m.
         Starting [0;1;39mDevice-Mapper Multipath Device Controller[0m...
[[0;32m  OK  [0m] Started [0;1;39mDevice-Mapper Multipath Device Controller[0m.
[[0;32m  OK  [0m] Reached target [0;1;39mLocal File Systems (Pre)[0m.
         Mounting [0;1;39mMount unit for am…on-ssm-agent, revision 3552[0m...
         Mounting [0;1;39mMount unit for core18, revision 1997[0m...
         Mounting [0;1;39mMount unit for lxd, revision 19647[0m...
         Mounting [0;1;39mMount unit for snapd, revision 11588[0m...
[[0;32m  OK  [0m] Mounted [0;1;39mMount unit for amazon-ssm-agent, revision 3552[0m.
[[0;32m  OK  [0m] Mounted [0;1;39mMount unit for lxd, revision 19647[0m.
[[0;32m  OK  [0m] Mounted [0;1;39mMount unit for core18, revision 1997[0m.
[[0;32m  OK  [0m] Mounted [0;1;39mMount unit for snapd, revision 11588[0m.
[[0;32m  OK  [0m] Reached target [0;1;39mLocal File Systems[0m.
         Starting [0;1;39mLoad AppArmor profiles[0m...
         Starting [0;1;39mSet console font and keymap[0m...
         Starting [0;1;39mCreate final runt…dir for shutdown pivot root[0m...
         Starting [0;1;39mTell Plymouth To Write Out Runtime Data[0m...
         Starting [0;1;39mCommit a transient machine-id on disk[0m...
         Starting [0;1;39mCreate Volatile Files and Directories[0m...
[[0;32m  OK  [0m] Finished [0;1;39mSet console font and keymap[0m.
[[0;32m  OK  [0m] Finished [0;1;39mCreate final runt…e dir for shutdown pivot root[0m.
[[0;32m  OK  [0m] Finished [0;1;39mTell Plymouth To Write Out Runtime Data[0m.
[[0;32m  OK  [0m] Finished [0;1;39mCommit a transient machine-id on disk[0m.
[[0;32m  OK  [0m] Finished [0;1;39mCreate Volatile Files and Directories[0m.
         Starting [0;1;39mNetwork Time Synchronization[0m...
         Starting [0;1;39mUpdate UTMP about System Boot/Shutdown[0m...
[[0;32m  OK  [0m] Finished [0;1;39mUpdate UTMP about System Boot/Shutdown[0m.
[[0;32m  OK  [0m] Started [0;1;39mNetwork Time Synchronization[0m.
[[0;32m  OK  [0m] Reached target [0;1;39mSystem Time Set[0m.
[[0;32m  OK  [0m] Reached target [0;1;39mSystem Time Synchronized[0m.
[[0;32m  OK  [0m] Finished [0;1;39mLoad AppArmor profiles[0m.
         Starting [0;1;39mLoad AppArmor pro…managed internally by snapd[0m...
         Starting [0;1;39mInitial cloud-init job (pre-networking)[0m...
[    8.619288] cloud-init[336]: Cloud-init v. 21.1-19-gbad84ad4-0ubuntu1~20.04.2 running 'init-local' at Sat, 19 Jun 2021 14:13:01 +0000. Up 7.71 seconds.
[[0;32m  OK  [0m] Finished [0;1;39mLoad AppArmor pro…s managed internally by snapd[0m.
[[0;32m  OK  [0m] Finished [0;1;39mInitial cloud-init job (pre-networking)[0m.
[[0;32m  OK  [0m] Reached target [0;1;39mNetwork (Pre)[0m.
         Starting [0;1;39mNetwork Service[0m...
[[0;32m  OK  [0m] Started [0;1;39mNetwork Service[0m.
         Starting [0;1;39mWait for Network to be Configured[0m...
         Starting [0;1;39mNetwork Name Resolution[0m...
[[0;32m  OK  [0m] Started [0;1;39mNetwork Name Resolution[0m.
[[0;32m  OK  [0m] Reached target [0;1;39mNetwork[0m.
[[0;32m  OK  [0m] Reached target [0;1;39mHost and Network Name Lookups[0m.
[[0;32m  OK  [0m] Finished [0;1;39mWait for Network to be Configured[0m.
         Starting [0;1;39mInitial cloud-ini… (metadata service crawler)[0m...
[   11.086103] cloud-init[394]: Cloud-init v. 21.1-19-gbad84ad4-0ubuntu1~20.04.2 running 'init' at Sat, 19 Jun 2021 14:13:04 +0000. Up 10.96 seconds.
[   11.101732] cloud-init[394]: ci-info: ++++++++++++++++++++++++++++++++++++++Net device info+++++++++++++++++++++++++++++++++++++++
[   11.121097] cloud-init[394]: ci-info: +--------+------+-----------------------------+---------------+--------+-------------------+
[   11.136472] cloud-init[394]: ci-info: | Device |  Up  |           Address           |      Mask     | Scope  |     Hw-Address    |
[   11.151497] cloud-init[394]: ci-info: +--------+------+-----------------------------+---------------+--------+-------------------+
[   11.172498] cloud-init[394]: ci-info: |  eth0  | True |         172.31.19.76        | 255.255.240.0 | global | 06:19:c8:44:c3:e8 |
[   11.189585] cloud-init[394]: ci-info: |  eth0  | True | fe80::419:c8ff:fe44:c3e8/64 |       .       |  link  | 06:19:c8:44:c3:e8 |
[   11.203931] cloud-init[394]: ci-info: |   lo   | True |          127.0.0.1          |   255.0.0.0   |  host  |         .         |
[   11.220162] cloud-init[394]: ci-info: |   lo   | True |           ::1/128           |       .       |  host  |         .         |
[   11.242195] cloud-init[394]: ci-info: +--------+------+-----------------------------+---------------+--------+-------------------+
[   11.255159] cloud-init[394]: ci-info: ++++++++++++++++++++++++++++++Route IPv4 info++++++++++++++++++++++++++++++
[   11.267632] cloud-init[394]: ci-info: +-------+-------------+-------------+-----------------+-----------+-------+
[   11.278639] cloud-init[394]: ci-info: | Route | Destination |   Gateway   |     Genmask     | Interface | Flags |
[   11.294548] cloud-init[394]: ci-info: +-------+-------------+-------------+-----------------+-----------+-------+
[   11.310320] cloud-init[394]: ci-info: |   0   |   0.0.0.0   | 172.31.16.1 |     0.0.0.0     |    eth0   |   UG  |
[   11.319658] cloud-init[394]: ci-info: |   1   | 172.31.16.0 |   0.0.0.0   |  255.255.240.0  |    eth0   |   U   |
[   11.335062] cloud-init[394]: ci-info: |   2   | 172.31.16.1 |   0.0.0.0   | 255.255.255.255 |    eth0   |   UH  |
[   11.362294] cloud-init[394]: ci-info: +-------+-------------+-------------+-----------------+-----------+-------+
[   11.386558] cloud-init[394]: ci-info: +++++++++++++++++++Route IPv6 info+++++++++++++++++++
[   11.404878] cloud-init[394]: ci-info: +-------+-------------+---------+-----------+-------+
[   11.418290] cloud-init[394]: ci-info: | Route | Destination | Gateway | Interface | Flags |
[   11.446442] cloud-init[394]: ci-info: +-------+-------------+---------+-----------+-------+
[   11.462930] cloud-init[394]: ci-info: |   1   |  fe80::/64  |    ::   |    eth0   |   U   |
[   11.476830] cloud-init[394]: ci-info: |   3   |    local    |    ::   |    eth0   |   U   |
[   11.495779] cloud-init[394]: ci-info: |   4   |  multicast  |    ::   |    eth0   |   U   |
[   11.512607] cloud-init[394]: ci-info: +-------+-------------+---------+-----------+-------+
[   12.101486] cloud-init[394]: Generating public/private rsa key pair.
[   12.112573] cloud-init[394]: Your identification has been saved in /etc/ssh/ssh_host_rsa_key
[   12.125364] cloud-init[394]: Your public key has been saved in /etc/ssh/ssh_host_rsa_key.pub
[   12.152580] cloud-init[394]: The key fingerprint is:
[   12.178009] cloud-init[394]: SHA256:gfPragU0s2W5i5QL+sqQE42zicyJL2uV57ZzefEalbk root@ip-172-31-19-76
[   12.201252] cloud-init[[0;32m  OK  [0m[394]: The key's randomart image is:
[   12.225557] cloud-init] Finished [0;1;39mInitial cloud-ini…ob (metadata service crawler)[0m.[394]: +---[RSA 3072]----+
[   12.240954] cloud-init[394]: |         .       |
[[0;32m  OK  [0m] Reached target [0;1;39mCloud-config availability[0m.
[   12.254940] 
[cloud-init[394]: |      +.+        |[0;32m  OK  [0m] Reached target [0;1;39mNetwork is Online[0m.
[   12.272330] cloud-init[394]: |     .oB..       |
[[0;32m  OK  [0m] 
[   12.281605] cloud-init[394]: Reached target [0;1;39mSystem Initialization[0m.| o  . =o..  o    |
[   12.291020] cloud-init
[394]: |+ ...o +S. +     |[[0;32m  OK  [0m] Started [0;1;39mACPI Events Check[0m.
[   12.303598] cloud-init[394]: |=*oo .o oo. .    |
[[0;32m  OK  [0m] 
[   12.313625] cloud-init[394]: Started [0;1;39mDaily apt download activities[0m.
|O+..o  .o.oE     |
[   12.323867] [[0;32m  OK  [0m] cloud-init[394]: |.*  .+.+ ...     |
Started [0;1;39mDaily apt upgrade and clean activities[0m.[   12.336598] 
[[0;32m  OK  [0mcloud-init] Started [0;1;39mPeriodic ext4 Onli…ata Check for All Filesystems[0m.[394]: |oo+..o=.o..      |
[   12.354674] cloud-init
[[0;32m  OK  [0m[394]: +----[SHA256]-----+
] Started [0;1;39mDiscard unused blocks once a week[0m.[   12.369105] cloud-init[394]: Generating public/private dsa key pair.
[[0;32m  OK  [0m] Started [0;1;39mRefresh fwupd metadata regularly[0m.

[   12.381536] cloud-init[[0;32m  OK  [0m] Started [0;1;39mDaily rotation of log files[0m.
[394]: Your identification has been saved in /etc/ssh/ssh_host_dsa_key[[0;32m  OK  [0m] Started [0;1;39mDaily man-db regeneration[0m.
[   12.406508] cloud-init
[[0;32m  OK  [0m] [394]: Your public key has been saved in /etc/ssh/ssh_host_dsa_key.pubStarted [0;1;39mMessage of the Day[0m.
[   12.421965] cloud-init[394]: 
[[0;32m  OK  [0m] The key fingerprint is:
[   12.431417] Started [0;1;39mDaily Cleanup of Temporary Directories[0m.cloud-init[394]: SHA256:3StPmj3EziensPJblXfl6u3hqjP10RWi11Ff91+2o2Y root@ip-172-31-19-76
[[0;32m  OK  [0m] Reached target [0;1;39mPaths[0m.
[   12.455594] cloud-init[394]: 
[[0;32m  OK  [0mThe key's randomart image is:
[   12.467347] ] Reached target [0;1;39mTimers[0m.
cloud-init[394]: +---[DSA 1024]----+
[[0;32m  OK  [0m] Listening on [0;1;39mACPID Listen Socket[0m.[   12.483114] cloud-init[394]: |                =|

[   12.489965] cloud-init[394]: [|             . o=|
[0;32m  OK  [0m] Listening on [0;1;39mD-Bus System Message Bus Socket[0m.[   12.514406] cloud-init[394]: |            . o O|
[   12.520131] 
[[0;32m  OK  [0mcloud-init[394]: |         . o . =*|] Listening on [0;1;39mOpen-iSCSI iscsid Socket[0m.
[   12.534519] cloud-init
         Starting [0;1;39mSocket activation for snappy daemon[0m.[394]: |        S ..o ooB|
[   12.549850] cloud-init[394]: |            o+.++|
[   12.554596] cloud-init[394]: |          o+=Eo..|

[[0;32m  OK  [0m] Listening on [0;1;39mUUID daemon activation socket[0m.[   12.572910] cloud-init[394]: |        .  &B.+o.|
[   12.579291] 
cloud-init[[0;32m  OK  [0m] Reached target [0;1;39mRemote File Systems (Pre)[0m.[394]: |         o*oBBooo|
[   12.593859] cloud-init[394]: 
[[0;32m  OK  [0m+----[SHA256]-----+
[   12.603824] cloud-init[394]: Generating public/private ecdsa key pair.] Reached target [0;1;39mRemote File Systems[0m.
         Starting [0;1;39mAvailability of block devices[0m...
[   12.625162] cloud-init[394]: Your identification has been saved in /etc/ssh/ssh_host_ecdsa_key
[[0;32m  OK  [0m
[   12.646800] cloud-init] Listening on [0;1;39mSocket activation for snappy daemon[0m.[394]: Your public key has been saved in /etc/ssh/ssh_host_ecdsa_key.pub
[[0;32m  OK  [0m] Finished [0;1;39mAvailability of block devices[0m.
[   12.677830] cloud-init[394]: The key fingerprint is:
[   12.683035] cloud-init[394]: SHA256:TzvHl/6xEoqQna+6+fYD3VjXnxdyoEpi+kXJxoqfBuA root@ip-172-31-19-76
[[0;32m  OK  [0m] Reached target [0;1;39mSockets[0m.
[   12.707420] cloud-init[394]: The key's randomart image is:
[[0;32m  OK  [0m] Reached target [0;1;39mBasic System[0m.

[   12.722174] cloud-init         Starting [0;1;39mAccounts Service[0m...[394]: +---[ECDSA 256]---+

[   12.743270] cloud-init[[0;32m  OK  [0m[394]: |                 |
] Started [0;1;39mACPI event daemon[0m.[   12.768295] 
cloud-init[394]: |             .   |         Starting [0;1;39mLSB: automatic crash report generation[0m...
[   12.788008] cloud-init
[394]: |        o . . . .|
         Starting [0;1;39mDeferred execution scheduler[0m...[   12.816609] cloud-init[394]: |   .   o B . o +.|
[[0;32m  OK  [0m] Started [0;1;39mRegular background program processing daemon[0m.
[   12.846868] cloud-init
[394]: [[0;32m  OK  [0m] Started [0;1;39mD-Bus System Message Bus[0m.|  . . + S = + + +|
[   12.867122] cloud-init[394]: |   E + + O = o oo|

[   12.886928] [[0;32m  OK  [0mcloud-init[394]: |      + + B + +..|] Started [0;1;39mSave initial kernel messages after boot[0m.
[   12.907649] cloud-init
[394]: |       =.o * +  o|         
[   12.927353] Starting [0;1;39mRemove Stale Onli…t4 Metadata Check Snapshots[0m...cloud-init[394]: |      .+=oo.. oo.|

[   12.956685]          Starting [0;1;39mEC2 Instance Connect Host Key Harvesting[0m...cloud-init
[394]: +----[SHA256]-----+
         [   12.990309] Starting [0;1;39mLSB: Record successful boot for GRUB[0m...cloud-init[394]: Generating public/private ed25519 key pair.
[
[0;32m  OK  [0m[   13.018955] ] cloud-initStarted [0;1;39mirqbalance daemon[0m.[394]: Your identification has been saved in /etc/ssh/ssh_host_ed25519_key

         [   13.052590] Starting [0;1;39mDispatcher daemon for systemd-networkd[0m...cloud-init[394]: Your public key has been saved in /etc/ssh/ssh_host_ed25519_key.pub

[   13.098604] cloud-init[394]: The key fingerprint is:
         Starting [0;1;39mPollinate to seed…udo random number generator[0m...[   13.139477] cloud-init[394]: SHA256:8Da0HkZQFGYfEj/ELzxBJdPaPjfMqADfdzfmswyGS6A root@ip-172-31-19-76

         Starting [0;1;39mSystem Logging Service[0m...[   13.184548] cloud-init[394]: The key's randomart image is:

[   13.218590] cloud-init         [394]: +--[ED25519 256]--+Starting [0;1;39mSnap Daemon[0m...

[   13.256590] cloud-init[394]: |      .oO=*o.    |         Starting [0;1;39mLogin Service[0m...
[   13.300944] cloud-init[394]: 
|       + =o+.    |         
[   13.337099] Starting [0;1;39mPermit User Sessions[0m...cloud-init[394]: |      . o.+=     |

[[   13.377397] [0;32m  OK  [0mcloud-init[394]: |      .= .=.o    |] Started [0;1;39mDeferred execution scheduler[0m.
[   13.421863] 
[cloud-init[0;32m  OK  [0m] [394]: |       oSo + +   |
Finished [0;1;39mRemove Stale Onli…ext4 Metadata Check Snapshots[0m.[   13.467557] cloud-init[394]: |       ++oo * *o.|
[   13.495148] cloud-init
[[0;32m  OK  [0m[394]: |       E.. = *oo.|
[   13.542847] cloud-init[394]: |          o o oo |
[   13.565541] cloud-init[394]: ] |           .   oo|Finished [0;1;39mPermit User Sessions[0m.

[   13.592325] cloud-init[394]: +----[SHA256]-----+
[[0;32m  OK  [0m] Started [0;1;39mSystem Logging Service[0m.
[[0;32m  OK  [0m] Started [0;1;39mLSB: automatic crash report generation[0m.
         Starting [0;1;39mHold until boot process finishes up[0m...
         Starting [0;1;39mTerminate Plymouth Boot Screen[0m...
[[0;32m  OK  [0m] Started [0;1;39mLSB: Record successful boot for GRUB[0m.
[[0;32m  OK  [0m] Finished [0;1;39mHold until boot process finishes up[0m.
[[0;32m  OK  [0m] Finished [0;1;39mEC2 Instance Connect Host Key Harvesting[0m.
[[0;32m  OK  [0m] Finished [0;1;39mTerminate Plymouth Boot Screen[0m.
         Starting [0;1;39mGRUB failed boot detection[0m...
[[0;32m  OK  [0m] Started [0;1;39mSerial Getty on ttyS0[0m.
         Starting [0;1;39mSet console scheme[0m...
[[0;32m  OK  [0m] Finished [0;1;39mSet console scheme[0m.
[[0;32m  OK  [0m] Finished [0;1;39mGRUB failed boot detection[0m.
[[0;32m  OK  [0m] Created slice [0;1;39msystem-getty.slice[0m.
[[0;32m  OK  [0m] Started [0;1;39mGetty on tty1[0m.
[[0;32m  OK  [0m] Reached target [0;1;39mLogin Prompts[0m.
[[0;32m  OK  [0m] Started [0;1;39mDispatcher daemon for systemd-networkd[0m.
[[0;32m  OK  [0m] Finished [0;1;39mPollinate to seed…seudo random number generator[0m.
[[0;32m  OK  [0m] Started [0;1;39mLogin Service[0m.
         Starting [0;1;39mOpenBSD Secure Shell server[0m...
         Starting [0;1;39mHostname Service[0m...
[[0;32m  OK  [0m] Started [0;1;39mUnattended Upgrades Shutdown[0m.
         Starting [0;1;39mAuthorization Manager[0m...
[[0;32m  OK  [0m] Started [0;1;39mOpenBSD Secure Shell server[0m.
[[0;32m  OK  [0m] Started [0;1;39mAuthorization Manager[0m.
[[0;32m  OK  [0m] Started [0;1;39mAccounts Service[0m.
[[0;32m  OK  [0m] Started [0;1;39mHostname Service[0m.
[[0;32m  OK  [0m] Started [0;1;39mSnap Daemon[0m.
         Starting [0;1;39mWait until snapd is fully seeded[0m...
[[0;32m  OK  [0m] Started [0;1;39msnap.lxd.hook.inst…-4c13-81a9-0608a79ab602.scope[0m.

Ubuntu 20.04.2 LTS ip-172-31-19-76 ttyS0

ip-172-31-19-76 login: [[0;32m  OK  [0m] Started [0;1;39mService for snap a…on-ssm-agent.amazon-ssm-agent[0m.
[[0;32m  OK  [0m] Finished [0;1;39mWait until snapd is fully seeded[0m.
         Starting [0;1;39mApply the settings specified in cloud-config[0m...
2021/06/19 14:13:16Z: Amazon SSM Agent v3.0.529.0 is running
2021/06/19 14:13:16Z: OsProductName: Ubuntu
2021/06/19 14:13:16Z: OsVersion: 20.04
[   23.765210] cloud-init[1080]: Cloud-init v. 21.1-19-gbad84ad4-0ubuntu1~20.04.2 running 'modules:config' at Sat, 19 Jun 2021 14:13:16 +0000. Up 23.15 seconds.
[[0;32m  OK  [0m] Finished [0;1;39mApply the settings specified in cloud-config[0m.
         Starting [0;1;39mEC2 instance hibernation setup agent[0m...
[[0;32m  OK  [0m] Started [0;1;39mEC2 instance hibernation setup agent[0m.
[[0;32m  OK  [0m] Reached target [0;1;39mMulti-User System[0m.
[[0;32m  OK  [0m] Reached target [0;1;39mGraphical Interface[0m.
         Starting [0;1;39mExecute cloud user/final scripts[0m...
         Starting [0;1;39mUpdate UTMP about System Runlevel Changes[0m...
[[0;32m  OK  [0m] Finished [0;1;39mUpdate UTMP about System Runlevel Changes[0m.
ci-info: ++++++++++++++++++++++++++++++++Authorized keys from /home/ubuntu/.ssh/authorized_keys for user ubuntu++++++++++++++++++++++++++++++++
ci-info: +---------+-------------------------------------------------------------------------------------------------+---------+--------------+
ci-info: | Keytype |                                       Fingerprint (sha256)                                      | Options |   Comment    |
ci-info: +---------+-------------------------------------------------------------------------------------------------+---------+--------------+
ci-info: | ssh-rsa | aa:f1:5c:e9:ac:e1:57:89:3c:6e:05:e7:75:58:c5:1b:75:65:ca:b8:34:0f:f7:17:24:c7:8a:21:d6:25:72:39 |    -    | test-ansible |
ci-info: +---------+-------------------------------------------------------------------------------------------------+---------+--------------+
<14>Jun 19 14:13:18 ec2: 
<14>Jun 19 14:13:18 ec2: #############################################################
<14>Jun 19 14:13:18 ec2: -----BEGIN SSH HOST KEY FINGERPRINTS-----
<14>Jun 19 14:13:18 ec2: 1024 SHA256:3StPmj3EziensPJblXfl6u3hqjP10RWi11Ff91+2o2Y root@ip-172-31-19-76 (DSA)
<14>Jun 19 14:13:18 ec2: 256 SHA256:TzvHl/6xEoqQna+6+fYD3VjXnxdyoEpi+kXJxoqfBuA root@ip-172-31-19-76 (ECDSA)
<14>Jun 19 14:13:18 ec2: 256 SHA256:8Da0HkZQFGYfEj/ELzxBJdPaPjfMqADfdzfmswyGS6A root@ip-172-31-19-76 (ED25519)
<14>Jun 19 14:13:18 ec2: 3072 SHA256:gfPragU0s2W5i5QL+sqQE42zicyJL2uV57ZzefEalbk root@ip-172-31-19-76 (RSA)
<14>Jun 19 14:13:18 ec2: -----END SSH HOST KEY FINGERPRINTS-----
<14>Jun 19 14:13:18 ec2: #############################################################
-----BEGIN SSH HOST KEY KEYS-----
ecdsa-sha2-nistp256 AAAAE2VjZHNhLXNoYTItbmlzdHAyNTYAAAAIbmlzdHAyNTYAAABBBAoOe+3e5rqOgMcUPeuoNl0wbf0ojmruTX1ThdGwX+U/L4HB5GiNqk5iQmgDlb+z/fdeSKn1QdHgdFgSfmhZrlU= root@ip-172-31-19-76
ssh-ed25519 AAAAC3NzaC1lZDI1NTE5AAAAIA06E7tN5gkWNEPxBekkEpPP2/cO83Ds0RjnHetstu6p root@ip-172-31-19-76
ssh-rsa AAAAB3NzaC1yc2EAAAADAQABAAABgQCv39v4RA2b51usx8eHJXXL0b1zpS4S+gHhZvaFmIYZsyB4hBkAyoVQo4h2z2W7qlV+ZNWgJ+EDTZz8XDNFpnOdCjrhgj+MrHqH1U3RG8dZRUJLFfIRWn13vmvqwFp3vWyUtDxIJGx1wotlQQqJgVS+tow3kudkTtaFdz0xGISP9b4X7udw0nEjgwvv2pyzU1t18Jp0YXmmf9KLsyJ/Od4REMNNB5SV++fkbtYplc/NxOe4mPXlBteAQusreNqWsSe1AOws1ubq+hl5lx2S97cfQtVblicrd4fdNZo5YhNiaxYro5pwprwnXfRvJJ7baXeZ1+rzJHQjNMsUN9LWbSse7BsJFlKErSqGulXCZYhyTYni2qXOTtsMs5NMCGJe7SN2ls51pJ6igNLmN8LRCjbLXK6KAMtOdRypxxFf7PEKbaw/VxDLKf2ziaTbMDBNtjdK1Pgl64pntjwnO8/BD3fIuJmw0BmgYRmFcgCRoGvsCWl8/vPqLRoznLqRIthw7fM= root@ip-172-31-19-76
-----END SSH HOST KEY KEYS-----
[   24.700474] cloud-init[1096]: Cloud-init v. 21.1-19-gbad84ad4-0ubuntu1~20.04.2 running 'modules:final' at Sat, 19 Jun 2021 14:13:17 +0000. Up 24.42 seconds.
[   24.716954] cloud-init[1096]: Cloud-init v. 21.1-19-gbad84ad4-0ubuntu1~20.04.2 finished at Sat, 19 Jun 2021 14:13:18 +0000. Datasource DataSourceEc2Local.  Up 24.69 seconds
[[0;32m  OK  [0m] Finished [0;1;39mExecute cloud user/final scripts[0m.
[[0;32m  OK  [0m] Reached target [0;1;39mCloud-init target[0m.
